<?xml version="1.0" encoding="UTF-8"?>
<!-- Generated by org.testng.reporters.JUnitXMLReporter -->
<testsuite ignored="0" hostname="KGSVDI-1508" failures="1" tests="2" name="HSBC SR Creation Page Test_chrome" time="98.69" errors="0" timestamp="2024-07-22T12:10:27 IST">
  <testcase classname="kpmg.qa.hsbc.test.BrokerNewRequestPageTest" name="pagenavigation" time="44.811"/>
  <testcase classname="kpmg.qa.hsbc.test.BrokerNewRequestPageTest" name="NewSRCreation" time="42.041">
    <failure type="com.microsoft.playwright.TimeoutError" message="Error {
  message=&amp;apos;Timeout 30000ms exceeded.
  name=&amp;apos;TimeoutError
  stack=&amp;apos;TimeoutError: Timeout 30000ms exceeded.
    at ProgressController.run (C:\Users\VMANAS~1\AppData\Local\Temp\playwright-java-1698890284461337737\package\lib\server\progress.js:78:26)
    at Frame.selectOption (C:\Users\VMANAS~1\AppData\Local\Temp\playwright-java-1698890284461337737\package\lib\server\frames.js:1170:23)
    at FrameDispatcher.selectOption (C:\Users\VMANAS~1\AppData\Local\Temp\playwright-java-1698890284461337737\package\lib\server\dispatchers\frameDispatcher.js:242:33)
    at FrameDispatcher._handleCommand (C:\Users\VMANAS~1\AppData\Local\Temp\playwright-java-1698890284461337737\package\lib\server\dispatchers\dispatcher.js:94:40)
    at DispatcherConnection.dispatch (C:\Users\VMANAS~1\AppData\Local\Temp\playwright-java-1698890284461337737\package\lib\server\dispatchers\dispatcher.js:361:39)
}
Call log:
- waiting for frameLocator(&amp;quot;//iframe&amp;quot;).locator(&amp;quot;#tdval1&amp;quot;)
-   locator resolved to &amp;lt;select id=&amp;quot;tdval1&amp;quot; class=&amp;quot;Offerselection&amp;quot; onchange=&amp;quot;ena…&amp;gt;…&amp;lt;/select&amp;gt;
- attempting select option action
-   waiting for element to be visible and enabled
-   element is not visible
- retrying select option action, attempt #1
-   waiting for element to be visible and enabled
-   element is not visible
- retrying select option action, attempt #2
-   waiting 20ms
-   waiting for element to be visible and enabled
-   element is not visible
- retrying select option action, attempt #3
-   waiting 100ms
-   waiting for element to be visible and enabled
-   element is not visible
- retrying select option action, attempt #4
-   waiting 100ms
-   waiting for element to be visible and enabled
-   element is not visible
- retrying select option action, attempt #5
-   waiting 500ms
-   waiting for element to be visible and enabled
-   element is not visible
- retrying select option action, attempt #6
-   waiting 500ms
-   waiting for element to be visible and enabled
-   element is not visible
- retrying select option action, attempt #7
-   waiting 500ms
-   waiting for element to be visible and enabled
-   element is not visible
- retrying select option action, attempt #8
-   waiting 500ms
-   waiting for element to be visible and enabled
-   did not find some options
- retrying select option action, attempt #9
-   waiting 500ms
-   waiting for element to be visible and enabled
-   did not find some options
- retrying select option action, attempt #10
-   waiting 500ms
-   waiting for element to be visible and enabled
-   did not find some options
- retrying select option action, attempt #11
-   waiting 500ms
-   waiting for element to be visible and enabled
-   did not find some options
- retrying select option action, attempt #12
-   waiting 500ms
-   waiting for element to be visible and enabled
-   did not find some options
- retrying select option action, attempt #13
-   waiting 500ms
-   waiting for element to be visible and enabled
-   did not find some options
- retrying select option action, attempt #14
-   waiting 500ms
-   waiting for element to be visible and enabled
-   did not find some options
- retrying select option action, attempt #15
-   waiting 500ms
-   waiting for element to be visible and enabled
-   did not find some options
- retrying select option action, attempt #16
-   waiting 500ms
-   waiting for element to be visible and enabled
-   did not find some options
- retrying select option action, attempt #17
-   waiting 500ms
-   waiting for element to be visible and enabled
-   did not find some options
- retrying select option action, attempt #18
-   waiting 500ms
-   waiting for element to be visible and enabled
-   did not find some options
- retrying select option action, attempt #19
-   waiting 500ms
-   waiting for element to be visible and enabled
-   did not find some options
- retrying select option action, attempt #20
-   waiting 500ms
-   waiting for element to be visible and enabled
-   did not find some options
- retrying select option action, attempt #21
-   waiting 500ms
-   waiting for element to be visible and enabled
-   did not find some options
- retrying select option action, attempt #22
-   waiting 500ms
-   waiting for element to be visible and enabled
-   did not find some options
- retrying select option action, attempt #23
-   waiting 500ms
-   waiting for element to be visible and enabled
-   did not find some options
- retrying select option action, attempt #24
-   waiting 500ms
-   waiting for element to be visible and enabled
-   did not find some options
- retrying select option action, attempt #25
-   waiting 500ms
-   waiting for element to be visible and enabled
-   did not find some options
- retrying select option action, attempt #26
-   waiting 500ms
-   waiting for element to be visible and enabled
-   did not find some options
- retrying select option action, attempt #27
-   waiting 500ms
-   waiting for element to be visible and enabled
-   did not find some options
- retrying select option action, attempt #28
-   waiting 500ms
-   waiting for element to be visible and enabled
-   did not find some options
- retrying select option action, attempt #29
-   waiting 500ms
-   waiting for element to be visible and enabled
-   did not find some options
- retrying select option action, attempt #30
-   waiting 500ms
-   waiting for element to be visible and enabled
-   did not find some options
- retrying select option action, attempt #31
-   waiting 500ms
-   waiting for element to be visible and enabled
-   did not find some options
- retrying select option action, attempt #32
-   waiting 500ms
-   waiting for element to be visible and enabled
-   did not find some options
- retrying select option action, attempt #33
-   waiting 500ms
-   waiting for element to be visible and enabled
-   did not find some options
- retrying select option action, attempt #34
-   waiting 500ms
-   waiting for element to be visible and enabled
-   did not find some options
- retrying select option action, attempt #35
-   waiting 500ms
-   waiting for element to be visible and enabled
-   did not find some options
- retrying select option action, attempt #36
-   waiting 500ms
-   waiting for element to be visible and enabled
-   did not find some options
- retrying select option action, attempt #37
-   waiting 500ms
-   waiting for element to be visible and enabled
-   did not find some options
- retrying select option action, attempt #38
-   waiting 500ms
-   waiting for element to be visible and enabled
-   did not find some options
- retrying select option action, attempt #39
-   waiting 500ms
-   waiting for element to be visible and enabled
-   did not find some options
- retrying select option action, attempt #40
-   waiting 500ms
-   waiting for element to be visible and enabled
-   did not find some options
- retrying select option action, attempt #41
-   waiting 500ms
-   waiting for element to be visible and enabled
-   did not find some options
- retrying select option action, attempt #42
-   waiting 500ms
-   waiting for element to be visible and enabled
-   did not find some options
- retrying select option action, attempt #43
-   waiting 500ms
-   waiting for element to be visible and enabled
-   did not find some options
- retrying select option action, attempt #44
-   waiting 500ms
-   waiting for element to be visible and enabled
-   did not find some options
- retrying select option action, attempt #45
-   waiting 500ms
-   waiting for element to be visible and enabled
-   did not find some options
- retrying select option action, attempt #46
-   waiting 500ms
-   waiting for element to be visible and enabled
-   did not find some options
- retrying select option action, attempt #47
-   waiting 500ms
-   waiting for element to be visible and enabled
-   did not find some options
- retrying select option action, attempt #48
-   waiting 500ms
-   waiting for element to be visible and enabled
-   did not find some options
- retrying select option action, attempt #49
-   waiting 500ms
-   waiting for element to be visible and enabled
-   did not find some options
- retrying select option action, attempt #50
-   waiting 500ms
-   waiting for element to be visible and enabled
-   did not find some options
- retrying select option action, attempt #51
-   waiting 500ms
-   waiting for element to be visible and enabled
-   did not find some options
- retrying select option action, attempt #52
-   waiting 500ms
-   waiting for element to be visible and enabled
-   did not find some options
- retrying select option action, attempt #53
-   waiting 500ms
">
      <![CDATA[com.microsoft.playwright.TimeoutError: Error {
  message='Timeout 30000ms exceeded.
  name='TimeoutError
  stack='TimeoutError: Timeout 30000ms exceeded.
    at ProgressController.run (C:\Users\VMANAS~1\AppData\Local\Temp\playwright-java-1698890284461337737\package\lib\server\progress.js:78:26)
    at Frame.selectOption (C:\Users\VMANAS~1\AppData\Local\Temp\playwright-java-1698890284461337737\package\lib\server\frames.js:1170:23)
    at FrameDispatcher.selectOption (C:\Users\VMANAS~1\AppData\Local\Temp\playwright-java-1698890284461337737\package\lib\server\dispatchers\frameDispatcher.js:242:33)
    at FrameDispatcher._handleCommand (C:\Users\VMANAS~1\AppData\Local\Temp\playwright-java-1698890284461337737\package\lib\server\dispatchers\dispatcher.js:94:40)
    at DispatcherConnection.dispatch (C:\Users\VMANAS~1\AppData\Local\Temp\playwright-java-1698890284461337737\package\lib\server\dispatchers\dispatcher.js:361:39)
}
Call log:
- waiting for frameLocator("//iframe").locator("#tdval1")
-   locator resolved to <select id="tdval1" class="Offerselection" onchange="ena…>…</select>
- attempting select option action
-   waiting for element to be visible and enabled
-   element is not visible
- retrying select option action, attempt #1
-   waiting for element to be visible and enabled
-   element is not visible
- retrying select option action, attempt #2
-   waiting 20ms
-   waiting for element to be visible and enabled
-   element is not visible
- retrying select option action, attempt #3
-   waiting 100ms
-   waiting for element to be visible and enabled
-   element is not visible
- retrying select option action, attempt #4
-   waiting 100ms
-   waiting for element to be visible and enabled
-   element is not visible
- retrying select option action, attempt #5
-   waiting 500ms
-   waiting for element to be visible and enabled
-   element is not visible
- retrying select option action, attempt #6
-   waiting 500ms
-   waiting for element to be visible and enabled
-   element is not visible
- retrying select option action, attempt #7
-   waiting 500ms
-   waiting for element to be visible and enabled
-   element is not visible
- retrying select option action, attempt #8
-   waiting 500ms
-   waiting for element to be visible and enabled
-   did not find some options
- retrying select option action, attempt #9
-   waiting 500ms
-   waiting for element to be visible and enabled
-   did not find some options
- retrying select option action, attempt #10
-   waiting 500ms
-   waiting for element to be visible and enabled
-   did not find some options
- retrying select option action, attempt #11
-   waiting 500ms
-   waiting for element to be visible and enabled
-   did not find some options
- retrying select option action, attempt #12
-   waiting 500ms
-   waiting for element to be visible and enabled
-   did not find some options
- retrying select option action, attempt #13
-   waiting 500ms
-   waiting for element to be visible and enabled
-   did not find some options
- retrying select option action, attempt #14
-   waiting 500ms
-   waiting for element to be visible and enabled
-   did not find some options
- retrying select option action, attempt #15
-   waiting 500ms
-   waiting for element to be visible and enabled
-   did not find some options
- retrying select option action, attempt #16
-   waiting 500ms
-   waiting for element to be visible and enabled
-   did not find some options
- retrying select option action, attempt #17
-   waiting 500ms
-   waiting for element to be visible and enabled
-   did not find some options
- retrying select option action, attempt #18
-   waiting 500ms
-   waiting for element to be visible and enabled
-   did not find some options
- retrying select option action, attempt #19
-   waiting 500ms
-   waiting for element to be visible and enabled
-   did not find some options
- retrying select option action, attempt #20
-   waiting 500ms
-   waiting for element to be visible and enabled
-   did not find some options
- retrying select option action, attempt #21
-   waiting 500ms
-   waiting for element to be visible and enabled
-   did not find some options
- retrying select option action, attempt #22
-   waiting 500ms
-   waiting for element to be visible and enabled
-   did not find some options
- retrying select option action, attempt #23
-   waiting 500ms
-   waiting for element to be visible and enabled
-   did not find some options
- retrying select option action, attempt #24
-   waiting 500ms
-   waiting for element to be visible and enabled
-   did not find some options
- retrying select option action, attempt #25
-   waiting 500ms
-   waiting for element to be visible and enabled
-   did not find some options
- retrying select option action, attempt #26
-   waiting 500ms
-   waiting for element to be visible and enabled
-   did not find some options
- retrying select option action, attempt #27
-   waiting 500ms
-   waiting for element to be visible and enabled
-   did not find some options
- retrying select option action, attempt #28
-   waiting 500ms
-   waiting for element to be visible and enabled
-   did not find some options
- retrying select option action, attempt #29
-   waiting 500ms
-   waiting for element to be visible and enabled
-   did not find some options
- retrying select option action, attempt #30
-   waiting 500ms
-   waiting for element to be visible and enabled
-   did not find some options
- retrying select option action, attempt #31
-   waiting 500ms
-   waiting for element to be visible and enabled
-   did not find some options
- retrying select option action, attempt #32
-   waiting 500ms
-   waiting for element to be visible and enabled
-   did not find some options
- retrying select option action, attempt #33
-   waiting 500ms
-   waiting for element to be visible and enabled
-   did not find some options
- retrying select option action, attempt #34
-   waiting 500ms
-   waiting for element to be visible and enabled
-   did not find some options
- retrying select option action, attempt #35
-   waiting 500ms
-   waiting for element to be visible and enabled
-   did not find some options
- retrying select option action, attempt #36
-   waiting 500ms
-   waiting for element to be visible and enabled
-   did not find some options
- retrying select option action, attempt #37
-   waiting 500ms
-   waiting for element to be visible and enabled
-   did not find some options
- retrying select option action, attempt #38
-   waiting 500ms
-   waiting for element to be visible and enabled
-   did not find some options
- retrying select option action, attempt #39
-   waiting 500ms
-   waiting for element to be visible and enabled
-   did not find some options
- retrying select option action, attempt #40
-   waiting 500ms
-   waiting for element to be visible and enabled
-   did not find some options
- retrying select option action, attempt #41
-   waiting 500ms
-   waiting for element to be visible and enabled
-   did not find some options
- retrying select option action, attempt #42
-   waiting 500ms
-   waiting for element to be visible and enabled
-   did not find some options
- retrying select option action, attempt #43
-   waiting 500ms
-   waiting for element to be visible and enabled
-   did not find some options
- retrying select option action, attempt #44
-   waiting 500ms
-   waiting for element to be visible and enabled
-   did not find some options
- retrying select option action, attempt #45
-   waiting 500ms
-   waiting for element to be visible and enabled
-   did not find some options
- retrying select option action, attempt #46
-   waiting 500ms
-   waiting for element to be visible and enabled
-   did not find some options
- retrying select option action, attempt #47
-   waiting 500ms
-   waiting for element to be visible and enabled
-   did not find some options
- retrying select option action, attempt #48
-   waiting 500ms
-   waiting for element to be visible and enabled
-   did not find some options
- retrying select option action, attempt #49
-   waiting 500ms
-   waiting for element to be visible and enabled
-   did not find some options
- retrying select option action, attempt #50
-   waiting 500ms
-   waiting for element to be visible and enabled
-   did not find some options
- retrying select option action, attempt #51
-   waiting 500ms
-   waiting for element to be visible and enabled
-   did not find some options
- retrying select option action, attempt #52
-   waiting 500ms
-   waiting for element to be visible and enabled
-   did not find some options
- retrying select option action, attempt #53
-   waiting 500ms

at com.microsoft.playwright.impl.WaitableResult.get(WaitableResult.java:52)
at com.microsoft.playwright.impl.ChannelOwner.runUntil(ChannelOwner.java:120)
at com.microsoft.playwright.impl.Connection.sendMessage(Connection.java:130)
at com.microsoft.playwright.impl.ChannelOwner.sendMessage(ChannelOwner.java:106)
at com.microsoft.playwright.impl.FrameImpl.selectOption(FrameImpl.java:722)
at com.microsoft.playwright.impl.FrameImpl.selectOptionImpl(FrameImpl.java:701)
at com.microsoft.playwright.impl.FrameImpl.lambda$selectOption$2(FrameImpl.java:113)
at com.microsoft.playwright.impl.LoggingSupport.withLogging(LoggingSupport.java:47)
at com.microsoft.playwright.impl.ChannelOwner.withLogging(ChannelOwner.java:89)
at com.microsoft.playwright.impl.FrameImpl.selectOption(FrameImpl.java:113)
at com.microsoft.playwright.impl.FrameImpl.selectOption(FrameImpl.java:102)
at com.microsoft.playwright.impl.LocatorImpl.selectOption(LocatorImpl.java:487)
at com.microsoft.playwright.Locator.selectOption(Locator.java:4422)
at kpmg.qa.hsbc.page.BrokerNewRequestPage.newdealNoSRCreation(BrokerNewRequestPage.java:92)
at kpmg.qa.hsbc.test.BrokerNewRequestPageTest.NewSRCreation(BrokerNewRequestPageTest.java:34)
at java.base/java.util.ArrayList.forEach(ArrayList.java:1597)
at java.base/java.util.concurrent.FutureTask.run(FutureTask.java:317)
at java.base/java.util.concurrent.ThreadPoolExecutor.runWorker(ThreadPoolExecutor.java:1144)
at java.base/java.util.concurrent.ThreadPoolExecutor$Worker.run(ThreadPoolExecutor.java:642)
at java.base/java.lang.Thread.run(Thread.java:1570)
Caused by: com.microsoft.playwright.TimeoutError: Error {
  message='Timeout 30000ms exceeded.
  name='TimeoutError
  stack='TimeoutError: Timeout 30000ms exceeded.
    at ProgressController.run (C:\Users\VMANAS~1\AppData\Local\Temp\playwright-java-1698890284461337737\package\lib\server\progress.js:78:26)
    at Frame.selectOption (C:\Users\VMANAS~1\AppData\Local\Temp\playwright-java-1698890284461337737\package\lib\server\frames.js:1170:23)
    at FrameDispatcher.selectOption (C:\Users\VMANAS~1\AppData\Local\Temp\playwright-java-1698890284461337737\package\lib\server\dispatchers\frameDispatcher.js:242:33)
    at FrameDispatcher._handleCommand (C:\Users\VMANAS~1\AppData\Local\Temp\playwright-java-1698890284461337737\package\lib\server\dispatchers\dispatcher.js:94:40)
    at DispatcherConnection.dispatch (C:\Users\VMANAS~1\AppData\Local\Temp\playwright-java-1698890284461337737\package\lib\server\dispatchers\dispatcher.js:361:39)
}
Call log:
- waiting for frameLocator("//iframe").locator("#tdval1")
-   locator resolved to <select id="tdval1" class="Offerselection" onchange="ena…>…</select>
- attempting select option action
-   waiting for element to be visible and enabled
-   element is not visible
- retrying select option action, attempt #1
-   waiting for element to be visible and enabled
-   element is not visible
- retrying select option action, attempt #2
-   waiting 20ms
-   waiting for element to be visible and enabled
-   element is not visible
- retrying select option action, attempt #3
-   waiting 100ms
-   waiting for element to be visible and enabled
-   element is not visible
- retrying select option action, attempt #4
-   waiting 100ms
-   waiting for element to be visible and enabled
-   element is not visible
- retrying select option action, attempt #5
-   waiting 500ms
-   waiting for element to be visible and enabled
-   element is not visible
- retrying select option action, attempt #6
-   waiting 500ms
-   waiting for element to be visible and enabled
-   element is not visible
- retrying select option action, attempt #7
-   waiting 500ms
-   waiting for element to be visible and enabled
-   element is not visible
- retrying select option action, attempt #8
-   waiting 500ms
-   waiting for element to be visible and enabled
-   did not find some options
- retrying select option action, attempt #9
-   waiting 500ms
-   waiting for element to be visible and enabled
-   did not find some options
- retrying select option action, attempt #10
-   waiting 500ms
-   waiting for element to be visible and enabled
-   did not find some options
- retrying select option action, attempt #11
-   waiting 500ms
-   waiting for element to be visible and enabled
-   did not find some options
- retrying select option action, attempt #12
-   waiting 500ms
-   waiting for element to be visible and enabled
-   did not find some options
- retrying select option action, attempt #13
-   waiting 500ms
-   waiting for element to be visible and enabled
-   did not find some options
- retrying select option action, attempt #14
-   waiting 500ms
-   waiting for element to be visible and enabled
-   did not find some options
- retrying select option action, attempt #15
-   waiting 500ms
-   waiting for element to be visible and enabled
-   did not find some options
- retrying select option action, attempt #16
-   waiting 500ms
-   waiting for element to be visible and enabled
-   did not find some options
- retrying select option action, attempt #17
-   waiting 500ms
-   waiting for element to be visible and enabled
-   did not find some options
- retrying select option action, attempt #18
-   waiting 500ms
-   waiting for element to be visible and enabled
-   did not find some options
- retrying select option action, attempt #19
-   waiting 500ms
-   waiting for element to be visible and enabled
-   did not find some options
- retrying select option action, attempt #20
-   waiting 500ms
-   waiting for element to be visible and enabled
-   did not find some options
- retrying select option action, attempt #21
-   waiting 500ms
-   waiting for element to be visible and enabled
-   did not find some options
- retrying select option action, attempt #22
-   waiting 500ms
-   waiting for element to be visible and enabled
-   did not find some options
- retrying select option action, attempt #23
-   waiting 500ms
-   waiting for element to be visible and enabled
-   did not find some options
- retrying select option action, attempt #24
-   waiting 500ms
-   waiting for element to be visible and enabled
-   did not find some options
- retrying select option action, attempt #25
-   waiting 500ms
-   waiting for element to be visible and enabled
-   did not find some options
- retrying select option action, attempt #26
-   waiting 500ms
-   waiting for element to be visible and enabled
-   did not find some options
- retrying select option action, attempt #27
-   waiting 500ms
-   waiting for element to be visible and enabled
-   did not find some options
- retrying select option action, attempt #28
-   waiting 500ms
-   waiting for element to be visible and enabled
-   did not find some options
- retrying select option action, attempt #29
-   waiting 500ms
-   waiting for element to be visible and enabled
-   did not find some options
- retrying select option action, attempt #30
-   waiting 500ms
-   waiting for element to be visible and enabled
-   did not find some options
- retrying select option action, attempt #31
-   waiting 500ms
-   waiting for element to be visible and enabled
-   did not find some options
- retrying select option action, attempt #32
-   waiting 500ms
-   waiting for element to be visible and enabled
-   did not find some options
- retrying select option action, attempt #33
-   waiting 500ms
-   waiting for element to be visible and enabled
-   did not find some options
- retrying select option action, attempt #34
-   waiting 500ms
-   waiting for element to be visible and enabled
-   did not find some options
- retrying select option action, attempt #35
-   waiting 500ms
-   waiting for element to be visible and enabled
-   did not find some options
- retrying select option action, attempt #36
-   waiting 500ms
-   waiting for element to be visible and enabled
-   did not find some options
- retrying select option action, attempt #37
-   waiting 500ms
-   waiting for element to be visible and enabled
-   did not find some options
- retrying select option action, attempt #38
-   waiting 500ms
-   waiting for element to be visible and enabled
-   did not find some options
- retrying select option action, attempt #39
-   waiting 500ms
-   waiting for element to be visible and enabled
-   did not find some options
- retrying select option action, attempt #40
-   waiting 500ms
-   waiting for element to be visible and enabled
-   did not find some options
- retrying select option action, attempt #41
-   waiting 500ms
-   waiting for element to be visible and enabled
-   did not find some options
- retrying select option action, attempt #42
-   waiting 500ms
-   waiting for element to be visible and enabled
-   did not find some options
- retrying select option action, attempt #43
-   waiting 500ms
-   waiting for element to be visible and enabled
-   did not find some options
- retrying select option action, attempt #44
-   waiting 500ms
-   waiting for element to be visible and enabled
-   did not find some options
- retrying select option action, attempt #45
-   waiting 500ms
-   waiting for element to be visible and enabled
-   did not find some options
- retrying select option action, attempt #46
-   waiting 500ms
-   waiting for element to be visible and enabled
-   did not find some options
- retrying select option action, attempt #47
-   waiting 500ms
-   waiting for element to be visible and enabled
-   did not find some options
- retrying select option action, attempt #48
-   waiting 500ms
-   waiting for element to be visible and enabled
-   did not find some options
- retrying select option action, attempt #49
-   waiting 500ms
-   waiting for element to be visible and enabled
-   did not find some options
- retrying select option action, attempt #50
-   waiting 500ms
-   waiting for element to be visible and enabled
-   did not find some options
- retrying select option action, attempt #51
-   waiting 500ms
-   waiting for element to be visible and enabled
-   did not find some options
- retrying select option action, attempt #52
-   waiting 500ms
-   waiting for element to be visible and enabled
-   did not find some options
- retrying select option action, attempt #53
-   waiting 500ms

at com.microsoft.playwright.impl.Connection.dispatch(Connection.java:254)
at com.microsoft.playwright.impl.Connection.processOneMessage(Connection.java:211)
at com.microsoft.playwright.impl.ChannelOwner.runUntil(ChannelOwner.java:118)
... 33 more
... Removed 15 stack frames]]>
    </failure>
  </testcase> <!-- NewSRCreation -->
</testsuite> <!-- HSBC SR Creation Page Test_chrome -->
